<<<<<<< HEAD
2017-04-04 16:12:48 - PHP Notice:  Error: Could not load template C:/xampp/htdocs/OneOptics/catalog/view/theme/default/template/checkout/checkout.tpl! in C:\xampp\htdocs\OneOptics\system\storage\modification\system\library\template\php.php on line 23
2017-04-04 16:13:21 - PHP Notice:  Error: Could not load template C:/xampp/htdocs/OneOptics/catalog/view/theme/default/template/checkout/checkout.tpl! in C:\xampp\htdocs\OneOptics\system\storage\modification\system\library\template\php.php on line 23
2017-04-04 16:13:37 - PHP Notice:  Error: Could not load template C:/xampp/htdocs/OneOptics/catalog/view/theme/default/template/checkout/checkout.tpl! in C:\xampp\htdocs\OneOptics\system\storage\modification\system\library\template\php.php on line 23
2017-04-04 16:15:12 - PHP Notice:  Error: Could not load template C:/xampp/htdocs/OneOptics/catalog/view/theme/default/template/checkout/checkout.tpl! in C:\xampp\htdocs\OneOptics\system\storage\modification\system\library\template\php.php on line 23
2017-04-04 16:19:38 - PHP Warning:  mail(): Failed to connect to mailserver at &quot;localhost&quot; port 25, verify your &quot;SMTP&quot; and &quot;smtp_port&quot; setting in php.ini or use ini_set() in C:\xampp\htdocs\OneOptics\system\library\mail.php on line 158
2017-04-04 16:19:48 - PHP Notice:  Error: Could not load template C:/xampp/htdocs/OneOptics/catalog/view/theme/default/template/checkout/checkout.tpl! in C:\xampp\htdocs\OneOptics\system\storage\modification\system\library\template\php.php on line 23
2017-04-04 19:01:58 - PHP Notice:  Error: Could not load template C:/xampp/htdocs/OneOptics/catalog/view/theme/default/template/checkout/checkout.tpl! in C:\xampp\htdocs\OneOptics\system\storage\modification\system\library\template\php.php on line 23
2017-04-04 19:03:09 - PHP Notice:  Error: Could not load template C:/xampp/htdocs/OneOptics/catalog/view/theme/default/template/checkout/checkout.tpl! in C:\xampp\htdocs\OneOptics\system\storage\modification\system\library\template\php.php on line 23
2017-04-04 19:15:56 - PHP Notice:  Error: Could not load template C:/xampp/htdocs/OneOptics/catalog/view/theme/default/template/checkout/checkout.tpl! in C:\xampp\htdocs\OneOptics\system\storage\modification\system\library\template\php.php on line 23
2017-04-04 19:58:32 - PHP Notice:  Error: Could not load template C:/xampp/htdocs/OneOptics/catalog/view/theme/default/template/checkout/checkout.tpl! in C:\xampp\htdocs\OneOptics\system\storage\modification\system\library\template\php.php on line 23
2017-04-04 20:00:18 - PHP Notice:  Error: Could not load template C:/xampp/htdocs/OneOptics/catalog/view/theme/default/template/checkout/checkout.tpl! in C:\xampp\htdocs\OneOptics\system\storage\modification\system\library\template\php.php on line 23
2017-04-05 16:25:16 - PHP Notice:  Error: Could not load template C:/xampp/htdocs/OneOptics/catalog/view/theme/default/template/checkout/checkout.tpl! in C:\xampp\htdocs\OneOptics\system\storage\modification\system\library\template\php.php on line 23
=======
2017-04-04 20:18:24 - PHP Notice:  Error: Could not load template C:/xampp/htdocs/OneOptics/catalog/view/theme/default/template/checkout/checkout.tpl! in C:\xampp\htdocs\OneOptics\system\storage\modification\system\library\template\php.php on line 23
>>>>>>> ce3faf6c96646be8bd20adbc96e3fd42ab8c8644
2017-04-06 4:23:02 - Unable to create PayPal call: {"TIMESTAMP":"2017-04-06T02:23:12Z","CORRELATIONID":"4e330a4215fd4","ACK":"Failure","VERSION":"109.0","BUILD":"000000","L_ERRORCODE0":"10605","L_SHORTMESSAGE0":"Transaction refused because of an invalid argument. See additional error messages for details.","L_LONGMESSAGE0":"Currency is not supported","L_SEVERITYCODE0":"Error"}
2017-04-06 4:24:09 - PHP Warning:  mail(): Failed to connect to mailserver at &quot;localhost&quot; port 25, verify your &quot;SMTP&quot; and &quot;smtp_port&quot; setting in php.ini or use ini_set() in C:\xampp\htdocs\OneOptics\system\library\mail.php on line 158
2017-04-06 4:24:26 - Unable to create PayPal call: {"TIMESTAMP":"2017-04-06T02:24:37Z","CORRELATIONID":"35ac4b433f64","ACK":"Failure","VERSION":"109.0","BUILD":"000000","L_ERRORCODE0":"10605","L_SHORTMESSAGE0":"Transaction refused because of an invalid argument. See additional error messages for details.","L_LONGMESSAGE0":"Currency is not supported","L_SEVERITYCODE0":"Error"}
2017-04-06 4:25:40 - Unable to create PayPal call: {"TIMESTAMP":"2017-04-06T02:25:51Z","CORRELATIONID":"98b78123baafc","ACK":"Failure","VERSION":"109.0","BUILD":"000000","L_ERRORCODE0":"10605","L_SHORTMESSAGE0":"Transaction refused because of an invalid argument. See additional error messages for details.","L_LONGMESSAGE0":"Currency is not supported","L_SEVERITYCODE0":"Error"}
2017-04-06 4:27:45 - Unable to create PayPal call: {"TIMESTAMP":"2017-04-06T02:27:55Z","CORRELATIONID":"d5cddeed4ced7","ACK":"Failure","VERSION":"109.0","BUILD":"000000","L_ERRORCODE0":"10605","L_SHORTMESSAGE0":"Transaction refused because of an invalid argument. See additional error messages for details.","L_LONGMESSAGE0":"Currency is not supported","L_SEVERITYCODE0":"Error"}
2017-04-06 4:27:49 - Unable to create PayPal call: {"TIMESTAMP":"2017-04-06T02:27:59Z","CORRELATIONID":"a4ad6e9447561","ACK":"Failure","VERSION":"109.0","BUILD":"000000","L_ERRORCODE0":"10605","L_SHORTMESSAGE0":"Transaction refused because of an invalid argument. See additional error messages for details.","L_LONGMESSAGE0":"Currency is not supported","L_SEVERITYCODE0":"Error"}
2017-04-06 4:30:30 - PHP Warning:  mail(): Failed to connect to mailserver at &quot;localhost&quot; port 25, verify your &quot;SMTP&quot; and &quot;smtp_port&quot; setting in php.ini or use ini_set() in C:\xampp\htdocs\OneOptics\system\library\mail.php on line 158
2017-04-06 4:30:31 - PHP Warning:  mail(): Failed to connect to mailserver at &quot;localhost&quot; port 25, verify your &quot;SMTP&quot; and &quot;smtp_port&quot; setting in php.ini or use ini_set() in C:\xampp\htdocs\OneOptics\system\library\mail.php on line 158
